{"C:\\Projects\\React\\React-2026-Q2\\src\\app\\entrypoint\\App.tsx": {"path":"C:\\Projects\\React\\React-2026-Q2\\src\\app\\entrypoint\\App.tsx","statementMap":{"0":{"start":{"line":8,"column":13},"end":{"line":58,"column":null}},"1":{"start":{"line":9,"column":22},"end":{"line":9,"column":85}},"2":{"start":{"line":11,"column":2},"end":{"line":58,"column":null}},"3":{"start":{"line":18,"column":29},"end":{"line":18,"column":59}},"4":{"start":{"line":24,"column":29},"end":{"line":24,"column":50}},"5":{"start":{"line":46,"column":23},"end":{"line":46,"column":43}},"6":{"start":{"line":49,"column":43},"end":{"line":49,"column":63}},"7":{"start":{"line":54,"column":23},"end":{"line":54,"column":43}},"8":{"start":{"line":57,"column":34},"end":{"line":57,"column":54}}},"fnMap":{"0":{"name":"(anonymous_0)","decl":{"start":{"line":8,"column":13},"end":{"line":8,"column":35}},"loc":{"start":{"line":8,"column":35},"end":{"line":58,"column":null}},"line":8},"1":{"name":"(anonymous_1)","decl":{"start":{"line":18,"column":14},"end":{"line":18,"column":29}},"loc":{"start":{"line":18,"column":29},"end":{"line":18,"column":59}},"line":18},"2":{"name":"(anonymous_2)","decl":{"start":{"line":24,"column":14},"end":{"line":24,"column":29}},"loc":{"start":{"line":24,"column":29},"end":{"line":24,"column":50}},"line":24},"3":{"name":"(anonymous_3)","decl":{"start":{"line":46,"column":8},"end":{"line":46,"column":23}},"loc":{"start":{"line":46,"column":23},"end":{"line":46,"column":43}},"line":46},"4":{"name":"(anonymous_4)","decl":{"start":{"line":49,"column":26},"end":{"line":49,"column":43}},"loc":{"start":{"line":49,"column":43},"end":{"line":49,"column":63}},"line":49},"5":{"name":"(anonymous_5)","decl":{"start":{"line":54,"column":8},"end":{"line":54,"column":23}},"loc":{"start":{"line":54,"column":23},"end":{"line":54,"column":43}},"line":54},"6":{"name":"(anonymous_6)","decl":{"start":{"line":57,"column":17},"end":{"line":57,"column":34}},"loc":{"start":{"line":57,"column":34},"end":{"line":57,"column":54}},"line":57}},"branchMap":{},"s":{"0":1,"1":14,"2":14,"3":2,"4":2,"5":1,"6":1,"7":1,"8":1},"f":{"0":14,"1":2,"2":2,"3":1,"4":1,"5":1,"6":1},"b":{},"meta":{"lastBranch":0,"lastFunction":7,"lastStatement":9,"seen":{"s:8:13:58:Infinity":0,"f:8:13:8:35":0,"s:9:22:9:85":1,"s:11:2:58:Infinity":2,"f:18:14:18:29":1,"s:18:29:18:59":3,"f:24:14:24:29":2,"s:24:29:24:50":4,"f:46:8:46:23":3,"s:46:23:46:43":5,"f:49:26:49:43":4,"s:49:43:49:63":6,"f:54:8:54:23":5,"s:54:23:54:43":7,"f:57:17:57:34":6,"s:57:34:57:54":8}}}
,"C:\\Projects\\React\\React-2026-Q2\\src\\entities\\submission\\model\\store.ts": {"path":"C:\\Projects\\React\\React-2026-Q2\\src\\entities\\submission\\model\\store.ts","statementMap":{"0":{"start":{"line":22,"column":13},"end":{"line":47,"column":3}},"1":{"start":{"line":22,"column":68},"end":{"line":47,"column":3}},"2":{"start":{"line":30,"column":15},"end":{"line":30,"column":34}},"3":{"start":{"line":32,"column":42},"end":{"line":36,"column":null}},"4":{"start":{"line":38,"column":4},"end":{"line":41,"column":null}},"5":{"start":{"line":38,"column":20},"end":{"line":41,"column":7}},"6":{"start":{"line":43,"column":4},"end":{"line":43,"column":null}},"7":{"start":{"line":46,"column":33},"end":{"line":46,"column":null}}},"fnMap":{"0":{"name":"(anonymous_0)","decl":{"start":{"line":22,"column":34},"end":{"line":22,"column":59}},"loc":{"start":{"line":22,"column":68},"end":{"line":47,"column":3}},"line":22},"1":{"name":"(anonymous_1)","decl":{"start":{"line":29,"column":2},"end":{"line":29,"column":18}},"loc":{"start":{"line":29,"column":27},"end":{"line":43,"column":null}},"line":29},"2":{"name":"(anonymous_2)","decl":{"start":{"line":38,"column":4},"end":{"line":38,"column":9}},"loc":{"start":{"line":38,"column":20},"end":{"line":41,"column":7}},"line":38},"3":{"name":"(anonymous_3)","decl":{"start":{"line":46,"column":2},"end":{"line":46,"column":26}},"loc":{"start":{"line":46,"column":33},"end":{"line":46,"column":null}},"line":46}},"branchMap":{},"s":{"0":1,"1":1,"2":3,"3":3,"4":3,"5":3,"6":3,"7":2},"f":{"0":1,"1":3,"2":3,"3":2},"b":{},"meta":{"lastBranch":0,"lastFunction":4,"lastStatement":8,"seen":{"s:22:13:47:3":0,"f:22:34:22:59":0,"s:22:68:47:3":1,"f:29:2:29:18":1,"s:30:15:30:34":2,"s:32:42:36:Infinity":3,"s:38:4:41:Infinity":4,"f:38:4:38:9":2,"s:38:20:41:7":5,"s:43:4:43:Infinity":6,"f:46:2:46:26":3,"s:46:33:46:Infinity":7}}}
,"C:\\Projects\\React\\React-2026-Q2\\src\\features\\rhf-form\\ui\\RhfForm.tsx": {"path":"C:\\Projects\\React\\React-2026-Q2\\src\\features\\rhf-form\\ui\\RhfForm.tsx","statementMap":{"0":{"start":{"line":13,"column":13},"end":{"line":175,"column":null}},"1":{"start":{"line":14,"column":21},"end":{"line":14,"column":59}},"2":{"start":{"line":21,"column":25},"end":{"line":35,"column":4}},"3":{"start":{"line":38,"column":17},"end":{"line":59,"column":null}},"4":{"start":{"line":39,"column":2},"end":{"line":59,"column":null}},"5":{"start":{"line":40,"column":21},"end":{"line":40,"column":null}},"6":{"start":{"line":41,"column":17},"end":{"line":41,"column":null}},"7":{"start":{"line":43,"column":4},"end":{"line":43,"column":null}},"8":{"start":{"line":43,"column":15},"end":{"line":43,"column":null}},"9":{"start":{"line":45,"column":24},"end":{"line":45,"column":51}},"10":{"start":{"line":47,"column":4},"end":{"line":54,"column":null}},"11":{"start":{"line":56,"column":4},"end":{"line":56,"column":null}},"12":{"start":{"line":57,"column":4},"end":{"line":57,"column":null}},"13":{"start":{"line":59,"column":4},"end":{"line":59,"column":null}},"14":{"start":{"line":63,"column":2},"end":{"line":175,"column":null}},"15":{"start":{"line":116,"column":10},"end":{"line":123,"column":null}}},"fnMap":{"0":{"name":"(anonymous_0)","decl":{"start":{"line":13,"column":13},"end":{"line":13,"column":48}},"loc":{"start":{"line":13,"column":66},"end":{"line":175,"column":null}},"line":13},"1":{"name":"(anonymous_1)","decl":{"start":{"line":38,"column":17},"end":{"line":38,"column":24}},"loc":{"start":{"line":38,"column":50},"end":{"line":59,"column":null}},"line":38},"2":{"name":"(anonymous_2)","decl":{"start":{"line":115,"column":8},"end":{"line":115,"column":17}},"loc":{"start":{"line":116,"column":10},"end":{"line":123,"column":null}},"line":116}},"branchMap":{"0":{"loc":{"start":{"line":43,"column":4},"end":{"line":43,"column":null}},"type":"if","locations":[{"start":{"line":43,"column":4},"end":{"line":43,"column":null}},{"start":{},"end":{}}],"line":43},"1":{"loc":{"start":{"line":73,"column":9},"end":{"line":73,"column":null}},"type":"binary-expr","locations":[{"start":{"line":73,"column":9},"end":{"line":73,"column":24}},{"start":{"line":73,"column":24},"end":{"line":73,"column":null}}],"line":73},"2":{"loc":{"start":{"line":84,"column":9},"end":{"line":84,"column":null}},"type":"binary-expr","locations":[{"start":{"line":84,"column":9},"end":{"line":84,"column":23}},{"start":{"line":84,"column":23},"end":{"line":84,"column":null}}],"line":84},"3":{"loc":{"start":{"line":95,"column":9},"end":{"line":95,"column":null}},"type":"binary-expr","locations":[{"start":{"line":95,"column":9},"end":{"line":95,"column":25}},{"start":{"line":95,"column":25},"end":{"line":95,"column":null}}],"line":95},"4":{"loc":{"start":{"line":109,"column":9},"end":{"line":109,"column":null}},"type":"binary-expr","locations":[{"start":{"line":109,"column":9},"end":{"line":109,"column":26}},{"start":{"line":109,"column":26},"end":{"line":109,"column":null}}],"line":109},"5":{"loc":{"start":{"line":151,"column":9},"end":{"line":151,"column":null}},"type":"binary-expr","locations":[{"start":{"line":151,"column":9},"end":{"line":151,"column":25}},{"start":{"line":151,"column":25},"end":{"line":151,"column":null}}],"line":151},"6":{"loc":{"start":{"line":165,"column":7},"end":{"line":165,"column":null}},"type":"binary-expr","locations":[{"start":{"line":165,"column":7},"end":{"line":165,"column":29}},{"start":{"line":165,"column":29},"end":{"line":165,"column":null}}],"line":165},"7":{"loc":{"start":{"line":171,"column":10},"end":{"line":171,"column":null}},"type":"cond-expr","locations":[{"start":{"line":171,"column":21},"end":{"line":171,"column":56}},{"start":{"line":171,"column":56},"end":{"line":171,"column":null}}],"line":171}},"s":{"0":1,"1":10,"2":10,"3":10,"4":1,"5":1,"6":1,"7":1,"8":0,"9":1,"10":1,"11":1,"12":1,"13":0,"14":10,"15":17},"f":{"0":10,"1":1,"2":17},"b":{"0":[0,1],"1":[10,2],"2":[10,0],"3":[10,0],"4":[10,0],"5":[10,0],"6":[10,0],"7":[8,2]},"meta":{"lastBranch":8,"lastFunction":3,"lastStatement":16,"seen":{"s:13:13:175:Infinity":0,"f:13:13:13:48":0,"s:14:21:14:59":1,"s:21:25:35:4":2,"s:38:17:59:Infinity":3,"f:38:17:38:24":1,"s:39:2:59:Infinity":4,"s:40:21:40:Infinity":5,"s:41:17:41:Infinity":6,"b:43:4:43:Infinity:undefined:undefined:undefined:undefined":0,"s:43:4:43:Infinity":7,"s:43:15:43:Infinity":8,"s:45:24:45:51":9,"s:47:4:54:Infinity":10,"s:56:4:56:Infinity":11,"s:57:4:57:Infinity":12,"s:59:4:59:Infinity":13,"s:63:2:175:Infinity":14,"b:73:9:73:24:73:24:73:Infinity":1,"b:84:9:84:23:84:23:84:Infinity":2,"b:95:9:95:25:95:25:95:Infinity":3,"b:109:9:109:26:109:26:109:Infinity":4,"f:115:8:115:17":2,"s:116:10:123:Infinity":15,"b:151:9:151:25:151:25:151:Infinity":5,"b:165:7:165:29:165:29:165:Infinity":6,"b:171:21:171:56:171:56:171:Infinity":7}}}
,"C:\\Projects\\React\\React-2026-Q2\\src\\features\\uncontrolled-form\\ui\\UncontrolledForm.tsx": {"path":"C:\\Projects\\React\\React-2026-Q2\\src\\features\\uncontrolled-form\\ui\\UncontrolledForm.tsx","statementMap":{"0":{"start":{"line":11,"column":13},"end":{"line":183,"column":null}},"1":{"start":{"line":12,"column":21},"end":{"line":12,"column":59}},"2":{"start":{"line":13,"column":21},"end":{"line":13,"column":74}},"3":{"start":{"line":15,"column":8},"end":{"line":15,"column":56}},"4":{"start":{"line":17,"column":23},"end":{"line":72,"column":null}},"5":{"start":{"line":18,"column":4},"end":{"line":18,"column":null}},"6":{"start":{"line":19,"column":19},"end":{"line":19,"column":null}},"7":{"start":{"line":20,"column":21},"end":{"line":20,"column":41}},"8":{"start":{"line":22,"column":19},"end":{"line":22,"column":38}},"9":{"start":{"line":23,"column":22},"end":{"line":23,"column":null}},"10":{"start":{"line":25,"column":22},"end":{"line":25,"column":43}},"11":{"start":{"line":26,"column":24},"end":{"line":26,"column":null}},"12":{"start":{"line":28,"column":20},"end":{"line":38,"column":null}},"13":{"start":{"line":40,"column":10},"end":{"line":40,"column":46}},"14":{"start":{"line":41,"column":19},"end":{"line":41,"column":44}},"15":{"start":{"line":43,"column":4},"end":{"line":52,"column":null}},"16":{"start":{"line":44,"column":45},"end":{"line":44,"column":47}},"17":{"start":{"line":45,"column":6},"end":{"line":50,"column":null}},"18":{"start":{"line":46,"column":21},"end":{"line":46,"column":42}},"19":{"start":{"line":47,"column":8},"end":{"line":48,"column":null}},"20":{"start":{"line":48,"column":10},"end":{"line":48,"column":null}},"21":{"start":{"line":51,"column":6},"end":{"line":51,"column":null}},"22":{"start":{"line":52,"column":6},"end":{"line":52,"column":null}},"23":{"start":{"line":55,"column":4},"end":{"line":72,"column":null}},"24":{"start":{"line":56,"column":6},"end":{"line":56,"column":null}},"25":{"start":{"line":57,"column":26},"end":{"line":57,"column":58}},"26":{"start":{"line":59,"column":6},"end":{"line":66,"column":null}},"27":{"start":{"line":68,"column":6},"end":{"line":68,"column":null}},"28":{"start":{"line":69,"column":6},"end":{"line":69,"column":null}},"29":{"start":{"line":69,"column":35},"end":{"line":69,"column":null}},"30":{"start":{"line":70,"column":6},"end":{"line":70,"column":null}},"31":{"start":{"line":72,"column":6},"end":{"line":72,"column":null}},"32":{"start":{"line":76,"column":2},"end":{"line":183,"column":null}},"33":{"start":{"line":132,"column":12},"end":{"line":132,"column":null}},"34":{"start":{"line":132,"column":41},"end":{"line":132,"column":null}}},"fnMap":{"0":{"name":"(anonymous_0)","decl":{"start":{"line":11,"column":13},"end":{"line":11,"column":66}},"loc":{"start":{"line":11,"column":84},"end":{"line":183,"column":null}},"line":11},"1":{"name":"(anonymous_1)","decl":{"start":{"line":17,"column":23},"end":{"line":17,"column":30}},"loc":{"start":{"line":17,"column":70},"end":{"line":72,"column":null}},"line":17},"2":{"name":"(anonymous_2)","decl":{"start":{"line":45,"column":26},"end":{"line":45,"column":35}},"loc":{"start":{"line":45,"column":45},"end":{"line":50,"column":null}},"line":45},"3":{"name":"(anonymous_3)","decl":{"start":{"line":131,"column":10},"end":{"line":131,"column":21}},"loc":{"start":{"line":131,"column":29},"end":{"line":132,"column":null}},"line":131}},"branchMap":{"0":{"loc":{"start":{"line":23,"column":22},"end":{"line":23,"column":null}},"type":"cond-expr","locations":[{"start":{"line":23,"column":31},"end":{"line":23,"column":45}},{"start":{"line":23,"column":48},"end":{"line":23,"column":null}}],"line":23},"1":{"loc":{"start":{"line":37,"column":13},"end":{"line":37,"column":null}},"type":"cond-expr","locations":[{"start":{"line":37,"column":47},"end":{"line":37,"column":59}},{"start":{"line":37,"column":59},"end":{"line":37,"column":null}}],"line":37},"2":{"loc":{"start":{"line":37,"column":13},"end":{"line":37,"column":47}},"type":"binary-expr","locations":[{"start":{"line":37,"column":13},"end":{"line":37,"column":26}},{"start":{"line":37,"column":26},"end":{"line":37,"column":47}}],"line":37},"3":{"loc":{"start":{"line":43,"column":4},"end":{"line":52,"column":null}},"type":"if","locations":[{"start":{"line":43,"column":4},"end":{"line":52,"column":null}},{"start":{},"end":{}}],"line":43},"4":{"loc":{"start":{"line":47,"column":8},"end":{"line":48,"column":null}},"type":"if","locations":[{"start":{"line":47,"column":8},"end":{"line":48,"column":null}},{"start":{},"end":{}}],"line":47},"5":{"loc":{"start":{"line":69,"column":6},"end":{"line":69,"column":null}},"type":"if","locations":[{"start":{"line":69,"column":6},"end":{"line":69,"column":null}},{"start":{},"end":{}}],"line":69},"6":{"loc":{"start":{"line":86,"column":9},"end":{"line":86,"column":null}},"type":"binary-expr","locations":[{"start":{"line":86,"column":9},"end":{"line":86,"column":28}},{"start":{"line":86,"column":28},"end":{"line":86,"column":null}}],"line":86},"7":{"loc":{"start":{"line":97,"column":9},"end":{"line":97,"column":null}},"type":"binary-expr","locations":[{"start":{"line":97,"column":9},"end":{"line":97,"column":27}},{"start":{"line":97,"column":27},"end":{"line":97,"column":null}}],"line":97},"8":{"loc":{"start":{"line":108,"column":9},"end":{"line":108,"column":null}},"type":"binary-expr","locations":[{"start":{"line":108,"column":9},"end":{"line":108,"column":29}},{"start":{"line":108,"column":29},"end":{"line":108,"column":null}}],"line":108},"9":{"loc":{"start":{"line":122,"column":9},"end":{"line":122,"column":null}},"type":"binary-expr","locations":[{"start":{"line":122,"column":9},"end":{"line":122,"column":30}},{"start":{"line":122,"column":30},"end":{"line":122,"column":null}}],"line":122},"10":{"loc":{"start":{"line":132,"column":12},"end":{"line":132,"column":null}},"type":"if","locations":[{"start":{"line":132,"column":12},"end":{"line":132,"column":null}},{"start":{},"end":{}}],"line":132},"11":{"loc":{"start":{"line":162,"column":9},"end":{"line":162,"column":null}},"type":"binary-expr","locations":[{"start":{"line":162,"column":9},"end":{"line":162,"column":29}},{"start":{"line":162,"column":29},"end":{"line":162,"column":null}}],"line":162},"12":{"loc":{"start":{"line":176,"column":7},"end":{"line":176,"column":null}},"type":"binary-expr","locations":[{"start":{"line":176,"column":7},"end":{"line":176,"column":33}},{"start":{"line":176,"column":33},"end":{"line":176,"column":null}}],"line":176}},"s":{"0":1,"1":5,"2":5,"3":5,"4":5,"5":2,"6":2,"7":2,"8":2,"9":2,"10":2,"11":2,"12":2,"13":2,"14":2,"15":2,"16":1,"17":1,"18":2,"19":2,"20":2,"21":1,"22":1,"23":1,"24":1,"25":1,"26":1,"27":1,"28":1,"29":1,"30":1,"31":0,"32":5,"33":0,"34":0},"f":{"0":5,"1":2,"2":2,"3":0},"b":{"0":[1,1],"1":[0,2],"2":[2,2],"3":[1,1],"4":[2,0],"5":[1,0],"6":[5,1],"7":[5,0],"8":[5,1],"9":[5,0],"10":[0,0],"11":[5,0],"12":[5,0]},"meta":{"lastBranch":13,"lastFunction":4,"lastStatement":35,"seen":{"s:11:13:183:Infinity":0,"f:11:13:11:66":0,"s:12:21:12:59":1,"s:13:21:13:74":2,"s:15:8:15:56":3,"s:17:23:72:Infinity":4,"f:17:23:17:30":1,"s:18:4:18:Infinity":5,"s:19:19:19:Infinity":6,"s:20:21:20:41":7,"s:22:19:22:38":8,"s:23:22:23:Infinity":9,"b:23:31:23:45:23:48:23:Infinity":0,"s:25:22:25:43":10,"s:26:24:26:Infinity":11,"s:28:20:38:Infinity":12,"b:37:47:37:59:37:59:37:Infinity":1,"b:37:13:37:26:37:26:37:47":2,"s:40:10:40:46":13,"s:41:19:41:44":14,"b:43:4:52:Infinity:undefined:undefined:undefined:undefined":3,"s:43:4:52:Infinity":15,"s:44:45:44:47":16,"s:45:6:50:Infinity":17,"f:45:26:45:35":2,"s:46:21:46:42":18,"b:47:8:48:Infinity:undefined:undefined:undefined:undefined":4,"s:47:8:48:Infinity":19,"s:48:10:48:Infinity":20,"s:51:6:51:Infinity":21,"s:52:6:52:Infinity":22,"s:55:4:72:Infinity":23,"s:56:6:56:Infinity":24,"s:57:26:57:58":25,"s:59:6:66:Infinity":26,"s:68:6:68:Infinity":27,"b:69:6:69:Infinity:undefined:undefined:undefined:undefined":5,"s:69:6:69:Infinity":28,"s:69:35:69:Infinity":29,"s:70:6:70:Infinity":30,"s:72:6:72:Infinity":31,"s:76:2:183:Infinity":32,"b:86:9:86:28:86:28:86:Infinity":6,"b:97:9:97:27:97:27:97:Infinity":7,"b:108:9:108:29:108:29:108:Infinity":8,"b:122:9:122:30:122:30:122:Infinity":9,"f:131:10:131:21":3,"b:132:12:132:Infinity:undefined:undefined:undefined:undefined":10,"s:132:12:132:Infinity":33,"s:132:41:132:Infinity":34,"b:162:9:162:29:162:29:162:Infinity":11,"b:176:7:176:33:176:33:176:Infinity":12}}}
,"C:\\Projects\\React\\React-2026-Q2\\src\\shared\\lib\\emailValidator.ts": {"path":"C:\\Projects\\React\\React-2026-Q2\\src\\shared\\lib\\emailValidator.ts","statementMap":{"0":{"start":{"line":1,"column":13},"end":{"line":14,"column":null}},"1":{"start":{"line":2,"column":2},"end":{"line":2,"column":null}},"2":{"start":{"line":2,"column":14},"end":{"line":2,"column":null}},"3":{"start":{"line":4,"column":21},"end":{"line":4,"column":33}},"4":{"start":{"line":5,"column":16},"end":{"line":5,"column":37}},"5":{"start":{"line":7,"column":2},"end":{"line":7,"column":null}},"6":{"start":{"line":7,"column":26},"end":{"line":7,"column":null}},"7":{"start":{"line":9,"column":26},"end":{"line":9,"column":null}},"8":{"start":{"line":10,"column":2},"end":{"line":10,"column":null}},"9":{"start":{"line":10,"column":25},"end":{"line":10,"column":null}},"10":{"start":{"line":11,"column":2},"end":{"line":11,"column":null}},"11":{"start":{"line":11,"column":29},"end":{"line":11,"column":null}},"12":{"start":{"line":12,"column":2},"end":{"line":12,"column":null}},"13":{"start":{"line":12,"column":54},"end":{"line":12,"column":null}},"14":{"start":{"line":14,"column":2},"end":{"line":14,"column":null}}},"fnMap":{"0":{"name":"(anonymous_0)","decl":{"start":{"line":1,"column":13},"end":{"line":1,"column":42}},"loc":{"start":{"line":1,"column":69},"end":{"line":14,"column":null}},"line":1}},"branchMap":{"0":{"loc":{"start":{"line":2,"column":2},"end":{"line":2,"column":null}},"type":"if","locations":[{"start":{"line":2,"column":2},"end":{"line":2,"column":null}},{"start":{},"end":{}}],"line":2},"1":{"loc":{"start":{"line":7,"column":2},"end":{"line":7,"column":null}},"type":"if","locations":[{"start":{"line":7,"column":2},"end":{"line":7,"column":null}},{"start":{},"end":{}}],"line":7},"2":{"loc":{"start":{"line":10,"column":2},"end":{"line":10,"column":null}},"type":"if","locations":[{"start":{"line":10,"column":2},"end":{"line":10,"column":null}},{"start":{},"end":{}}],"line":10},"3":{"loc":{"start":{"line":10,"column":6},"end":{"line":10,"column":25}},"type":"binary-expr","locations":[{"start":{"line":10,"column":6},"end":{"line":10,"column":16}},{"start":{"line":10,"column":16},"end":{"line":10,"column":25}}],"line":10},"4":{"loc":{"start":{"line":11,"column":2},"end":{"line":11,"column":null}},"type":"if","locations":[{"start":{"line":11,"column":2},"end":{"line":11,"column":null}},{"start":{},"end":{}}],"line":11},"5":{"loc":{"start":{"line":12,"column":2},"end":{"line":12,"column":null}},"type":"if","locations":[{"start":{"line":12,"column":2},"end":{"line":12,"column":null}},{"start":{},"end":{}}],"line":12},"6":{"loc":{"start":{"line":12,"column":6},"end":{"line":12,"column":52}},"type":"binary-expr","locations":[{"start":{"line":12,"column":6},"end":{"line":12,"column":28}},{"start":{"line":12,"column":32},"end":{"line":12,"column":52}}],"line":12}},"s":{"0":4,"1":24,"2":3,"3":21,"4":21,"5":21,"6":2,"7":19,"8":19,"9":2,"10":17,"11":1,"12":16,"13":2,"14":14},"f":{"0":24},"b":{"0":[3,21],"1":[2,19],"2":[2,17],"3":[19,18],"4":[1,16],"5":[2,14],"6":[16,15]},"meta":{"lastBranch":7,"lastFunction":1,"lastStatement":15,"seen":{"s:1:13:14:Infinity":0,"f:1:13:1:42":0,"b:2:2:2:Infinity:undefined:undefined:undefined:undefined":0,"s:2:2:2:Infinity":1,"s:2:14:2:Infinity":2,"s:4:21:4:33":3,"s:5:16:5:37":4,"b:7:2:7:Infinity:undefined:undefined:undefined:undefined":1,"s:7:2:7:Infinity":5,"s:7:26:7:Infinity":6,"s:9:26:9:Infinity":7,"b:10:2:10:Infinity:undefined:undefined:undefined:undefined":2,"s:10:2:10:Infinity":8,"b:10:6:10:16:10:16:10:25":3,"s:10:25:10:Infinity":9,"b:11:2:11:Infinity:undefined:undefined:undefined:undefined":4,"s:11:2:11:Infinity":10,"s:11:29:11:Infinity":11,"b:12:2:12:Infinity:undefined:undefined:undefined:undefined":5,"s:12:2:12:Infinity":12,"b:12:6:12:28:12:32:12:52":6,"s:12:54:12:Infinity":13,"s:14:2:14:Infinity":14}}}
,"C:\\Projects\\React\\React-2026-Q2\\src\\shared\\lib\\file.ts": {"path":"C:\\Projects\\React\\React-2026-Q2\\src\\shared\\lib\\file.ts","statementMap":{"0":{"start":{"line":1,"column":13},"end":{"line":7,"column":null}},"1":{"start":{"line":2,"column":2},"end":{"line":7,"column":null}},"2":{"start":{"line":3,"column":19},"end":{"line":3,"column":35}},"3":{"start":{"line":4,"column":4},"end":{"line":4,"column":null}},"4":{"start":{"line":5,"column":4},"end":{"line":5,"column":null}},"5":{"start":{"line":5,"column":26},"end":{"line":5,"column":58}},"6":{"start":{"line":6,"column":4},"end":{"line":6,"column":null}},"7":{"start":{"line":6,"column":32},"end":{"line":6,"column":45}}},"fnMap":{"0":{"name":"(anonymous_0)","decl":{"start":{"line":1,"column":13},"end":{"line":1,"column":32}},"loc":{"start":{"line":1,"column":64},"end":{"line":7,"column":null}},"line":1},"1":{"name":"(anonymous_1)","decl":{"start":{"line":2,"column":13},"end":{"line":2,"column":22}},"loc":{"start":{"line":2,"column":42},"end":{"line":7,"column":null}},"line":2},"2":{"name":"(anonymous_2)","decl":{"start":{"line":5,"column":11},"end":{"line":5,"column":26}},"loc":{"start":{"line":5,"column":26},"end":{"line":5,"column":58}},"line":5},"3":{"name":"(anonymous_3)","decl":{"start":{"line":6,"column":11},"end":{"line":6,"column":22}},"loc":{"start":{"line":6,"column":32},"end":{"line":6,"column":45}},"line":6}},"branchMap":{},"s":{"0":4,"1":2,"2":2,"3":2,"4":2,"5":1,"6":2,"7":1},"f":{"0":2,"1":2,"2":1,"3":1},"b":{},"meta":{"lastBranch":0,"lastFunction":4,"lastStatement":8,"seen":{"s:1:13:7:Infinity":0,"f:1:13:1:32":0,"s:2:2:7:Infinity":1,"f:2:13:2:22":1,"s:3:19:3:35":2,"s:4:4:4:Infinity":3,"s:5:4:5:Infinity":4,"f:5:11:5:26":2,"s:5:26:5:58":5,"s:6:4:6:Infinity":6,"f:6:11:6:22":3,"s:6:32:6:45":7}}}
,"C:\\Projects\\React\\React-2026-Q2\\src\\shared\\lib\\index.ts": {"path":"C:\\Projects\\React\\React-2026-Q2\\src\\shared\\lib\\index.ts","statementMap":{},"fnMap":{},"branchMap":{},"s":{},"f":{},"b":{},"meta":{"lastBranch":0,"lastFunction":0,"lastStatement":0,"seen":{}}}
,"C:\\Projects\\React\\React-2026-Q2\\src\\shared\\lib\\passwordStrength.ts": {"path":"C:\\Projects\\React\\React-2026-Q2\\src\\shared\\lib\\passwordStrength.ts","statementMap":{"0":{"start":{"line":9,"column":13},"end":{"line":17,"column":null}},"1":{"start":{"line":10,"column":19},"end":{"line":10,"column":41}},"2":{"start":{"line":11,"column":19},"end":{"line":11,"column":41}},"3":{"start":{"line":12,"column":19},"end":{"line":12,"column":41}},"4":{"start":{"line":13,"column":21},"end":{"line":13,"column":50}},"5":{"start":{"line":15,"column":16},"end":{"line":15,"column":null}},"6":{"start":{"line":17,"column":2},"end":{"line":17,"column":null}}},"fnMap":{"0":{"name":"(anonymous_0)","decl":{"start":{"line":9,"column":13},"end":{"line":9,"column":42}},"loc":{"start":{"line":9,"column":81},"end":{"line":17,"column":null}},"line":9}},"branchMap":{},"s":{"0":4,"1":6,"2":6,"3":6,"4":6,"5":6,"6":6},"f":{"0":6},"b":{},"meta":{"lastBranch":0,"lastFunction":1,"lastStatement":7,"seen":{"s:9:13:17:Infinity":0,"f:9:13:9:42":0,"s:10:19:10:41":1,"s:11:19:11:41":2,"s:12:19:12:41":3,"s:13:21:13:50":4,"s:15:16:15:Infinity":5,"s:17:2:17:Infinity":6}}}
,"C:\\Projects\\React\\React-2026-Q2\\src\\shared\\lib\\validationSchema.ts": {"path":"C:\\Projects\\React\\React-2026-Q2\\src\\shared\\lib\\validationSchema.ts","statementMap":{"0":{"start":{"line":4,"column":13},"end":{"line":52,"column":4}},"1":{"start":{"line":5,"column":2},"end":{"line":52,"column":4}},"2":{"start":{"line":8,"column":21},"end":{"line":8,"column":42}},"3":{"start":{"line":20,"column":21},"end":{"line":20,"column":35}},"4":{"start":{"line":24,"column":21},"end":{"line":24,"column":51}},"5":{"start":{"line":32,"column":8},"end":{"line":32,"column":null}},"6":{"start":{"line":32,"column":18},"end":{"line":32,"column":null}},"7":{"start":{"line":33,"column":8},"end":{"line":33,"column":null}},"8":{"start":{"line":33,"column":37},"end":{"line":33,"column":null}},"9":{"start":{"line":34,"column":8},"end":{"line":34,"column":null}},"10":{"start":{"line":34,"column":33},"end":{"line":34,"column":null}},"11":{"start":{"line":35,"column":8},"end":{"line":35,"column":null}},"12":{"start":{"line":38,"column":21},"end":{"line":38,"column":null}},"13":{"start":{"line":39,"column":8},"end":{"line":39,"column":null}},"14":{"start":{"line":42,"column":21},"end":{"line":42,"column":null}},"15":{"start":{"line":43,"column":8},"end":{"line":43,"column":null}},"16":{"start":{"line":46,"column":8},"end":{"line":46,"column":null}},"17":{"start":{"line":46,"column":37},"end":{"line":46,"column":null}},"18":{"start":{"line":47,"column":8},"end":{"line":47,"column":null}},"19":{"start":{"line":49,"column":22},"end":{"line":49,"column":62}}},"fnMap":{"0":{"name":"(anonymous_0)","decl":{"start":{"line":4,"column":13},"end":{"line":4,"column":33}},"loc":{"start":{"line":5,"column":2},"end":{"line":52,"column":4}},"line":5},"1":{"name":"(anonymous_1)","decl":{"start":{"line":8,"column":7},"end":{"line":8,"column":14}},"loc":{"start":{"line":8,"column":21},"end":{"line":8,"column":42}},"line":8},"2":{"name":"(anonymous_2)","decl":{"start":{"line":20,"column":7},"end":{"line":20,"column":14}},"loc":{"start":{"line":20,"column":21},"end":{"line":20,"column":35}},"line":20},"3":{"name":"(anonymous_3)","decl":{"start":{"line":24,"column":7},"end":{"line":24,"column":14}},"loc":{"start":{"line":24,"column":21},"end":{"line":24,"column":51}},"line":24},"4":{"name":"(anonymous_4)","decl":{"start":{"line":31,"column":7},"end":{"line":31,"column":15}},"loc":{"start":{"line":31,"column":23},"end":{"line":36,"column":29}},"line":31},"5":{"name":"(anonymous_5)","decl":{"start":{"line":37,"column":7},"end":{"line":37,"column":15}},"loc":{"start":{"line":37,"column":23},"end":{"line":40,"column":31}},"line":37},"6":{"name":"(anonymous_6)","decl":{"start":{"line":41,"column":7},"end":{"line":41,"column":15}},"loc":{"start":{"line":41,"column":23},"end":{"line":44,"column":49}},"line":41},"7":{"name":"(anonymous_7)","decl":{"start":{"line":45,"column":7},"end":{"line":45,"column":18}},"loc":{"start":{"line":45,"column":26},"end":{"line":47,"column":null}},"line":45},"8":{"name":"(anonymous_8)","decl":{"start":{"line":49,"column":5},"end":{"line":49,"column":13}},"loc":{"start":{"line":49,"column":22},"end":{"line":49,"column":62}},"line":49}},"branchMap":{"0":{"loc":{"start":{"line":32,"column":8},"end":{"line":32,"column":null}},"type":"if","locations":[{"start":{"line":32,"column":8},"end":{"line":32,"column":null}},{"start":{},"end":{}}],"line":32},"1":{"loc":{"start":{"line":33,"column":8},"end":{"line":33,"column":null}},"type":"if","locations":[{"start":{"line":33,"column":8},"end":{"line":33,"column":null}},{"start":{},"end":{}}],"line":33},"2":{"loc":{"start":{"line":34,"column":8},"end":{"line":34,"column":null}},"type":"if","locations":[{"start":{"line":34,"column":8},"end":{"line":34,"column":null}},{"start":{},"end":{}}],"line":34},"3":{"loc":{"start":{"line":38,"column":21},"end":{"line":38,"column":null}},"type":"cond-expr","locations":[{"start":{"line":38,"column":47},"end":{"line":38,"column":58}},{"start":{"line":38,"column":62},"end":{"line":38,"column":null}}],"line":38},"4":{"loc":{"start":{"line":39,"column":15},"end":{"line":39,"column":null}},"type":"binary-expr","locations":[{"start":{"line":39,"column":15},"end":{"line":39,"column":23}},{"start":{"line":39,"column":23},"end":{"line":39,"column":null}}],"line":39},"5":{"loc":{"start":{"line":42,"column":21},"end":{"line":42,"column":null}},"type":"cond-expr","locations":[{"start":{"line":42,"column":47},"end":{"line":42,"column":58}},{"start":{"line":42,"column":62},"end":{"line":42,"column":null}}],"line":42},"6":{"loc":{"start":{"line":43,"column":15},"end":{"line":43,"column":70}},"type":"binary-expr","locations":[{"start":{"line":43,"column":15},"end":{"line":43,"column":23}},{"start":{"line":43,"column":23},"end":{"line":43,"column":70}}],"line":43},"7":{"loc":{"start":{"line":46,"column":8},"end":{"line":46,"column":null}},"type":"if","locations":[{"start":{"line":46,"column":8},"end":{"line":46,"column":null}},{"start":{},"end":{}}],"line":46}},"s":{"0":4,"1":11,"2":13,"3":13,"4":13,"5":13,"6":0,"7":13,"8":2,"9":11,"10":11,"11":0,"12":13,"13":13,"14":13,"15":13,"16":9,"17":0,"18":9,"19":10},"f":{"0":11,"1":13,"2":13,"3":13,"4":13,"5":13,"6":13,"7":9,"8":10},"b":{"0":[0,13],"1":[2,11],"2":[11,0],"3":[2,11],"4":[13,11],"5":[2,11],"6":[13,11],"7":[0,9]},"meta":{"lastBranch":8,"lastFunction":9,"lastStatement":20,"seen":{"s:4:13:52:4":0,"f:4:13:4:33":0,"s:5:2:52:4":1,"f:8:7:8:14":1,"s:8:21:8:42":2,"f:20:7:20:14":2,"s:20:21:20:35":3,"f:24:7:24:14":3,"s:24:21:24:51":4,"f:31:7:31:15":4,"b:32:8:32:Infinity:undefined:undefined:undefined:undefined":0,"s:32:8:32:Infinity":5,"s:32:18:32:Infinity":6,"b:33:8:33:Infinity:undefined:undefined:undefined:undefined":1,"s:33:8:33:Infinity":7,"s:33:37:33:Infinity":8,"b:34:8:34:Infinity:undefined:undefined:undefined:undefined":2,"s:34:8:34:Infinity":9,"s:34:33:34:Infinity":10,"s:35:8:35:Infinity":11,"f:37:7:37:15":5,"s:38:21:38:Infinity":12,"b:38:47:38:58:38:62:38:Infinity":3,"s:39:8:39:Infinity":13,"b:39:15:39:23:39:23:39:Infinity":4,"f:41:7:41:15":6,"s:42:21:42:Infinity":14,"b:42:47:42:58:42:62:42:Infinity":5,"s:43:8:43:Infinity":15,"b:43:15:43:23:43:23:43:70":6,"f:45:7:45:18":7,"b:46:8:46:Infinity:undefined:undefined:undefined:undefined":7,"s:46:8:46:Infinity":16,"s:46:37:46:Infinity":17,"s:47:8:47:Infinity":18,"f:49:5:49:13":8,"s:49:22:49:62":19}}}
,"C:\\Projects\\React\\React-2026-Q2\\src\\shared\\ui\\combobox\\Combobox.tsx": {"path":"C:\\Projects\\React\\React-2026-Q2\\src\\shared\\ui\\combobox\\Combobox.tsx","statementMap":{"0":{"start":{"line":14,"column":13},"end":{"line":96,"column":null}},"1":{"start":{"line":24,"column":8},"end":{"line":24,"column":51}},"2":{"start":{"line":25,"column":17},"end":{"line":25,"column":45}},"3":{"start":{"line":27,"column":24},"end":{"line":27,"column":75}},"4":{"start":{"line":29,"column":20},"end":{"line":29,"column":51}},"5":{"start":{"line":30,"column":2},"end":{"line":32,"column":null}},"6":{"start":{"line":31,"column":4},"end":{"line":31,"column":null}},"7":{"start":{"line":32,"column":4},"end":{"line":32,"column":null}},"8":{"start":{"line":35,"column":2},"end":{"line":50,"column":null}},"9":{"start":{"line":36,"column":10},"end":{"line":43,"column":null}},"10":{"start":{"line":37,"column":6},"end":{"line":43,"column":null}},"11":{"start":{"line":38,"column":8},"end":{"line":38,"column":null}},"12":{"start":{"line":40,"column":8},"end":{"line":43,"column":null}},"13":{"start":{"line":41,"column":27},"end":{"line":41,"column":null}},"14":{"start":{"line":42,"column":10},"end":{"line":42,"column":null}},"15":{"start":{"line":43,"column":10},"end":{"line":43,"column":null}},"16":{"start":{"line":48,"column":4},"end":{"line":48,"column":null}},"17":{"start":{"line":49,"column":4},"end":{"line":49,"column":null}},"18":{"start":{"line":49,"column":17},"end":{"line":49,"column":78}},"19":{"start":{"line":52,"column":8},"end":{"line":55,"column":null}},"20":{"start":{"line":53,"column":4},"end":{"line":53,"column":null}},"21":{"start":{"line":54,"column":4},"end":{"line":54,"column":null}},"22":{"start":{"line":55,"column":4},"end":{"line":55,"column":null}},"23":{"start":{"line":58,"column":26},"end":{"line":59,"column":null}},"24":{"start":{"line":59,"column":4},"end":{"line":59,"column":59}},"25":{"start":{"line":62,"column":2},"end":{"line":96,"column":null}},"26":{"start":{"line":73,"column":10},"end":{"line":73,"column":null}},"27":{"start":{"line":74,"column":10},"end":{"line":74,"column":null}},"28":{"start":{"line":75,"column":10},"end":{"line":75,"column":null}},"29":{"start":{"line":77,"column":23},"end":{"line":77,"column":38}},"30":{"start":{"line":86,"column":12},"end":{"line":92,"column":null}},"31":{"start":{"line":88,"column":29},"end":{"line":88,"column":46}}},"fnMap":{"0":{"name":"(anonymous_0)","decl":{"start":{"line":14,"column":13},"end":{"line":14,"column":50}},"loc":{"start":{"line":23,"column":6},"end":{"line":96,"column":null}},"line":23},"1":{"name":"(anonymous_1)","decl":{"start":{"line":35,"column":2},"end":{"line":35,"column":18}},"loc":{"start":{"line":35,"column":18},"end":{"line":50,"column":6}},"line":35},"2":{"name":"(anonymous_2)","decl":{"start":{"line":36,"column":10},"end":{"line":36,"column":32}},"loc":{"start":{"line":36,"column":50},"end":{"line":43,"column":null}},"line":36},"3":{"name":"(anonymous_3)","decl":{"start":{"line":49,"column":4},"end":{"line":49,"column":17}},"loc":{"start":{"line":49,"column":17},"end":{"line":49,"column":78}},"line":49},"4":{"name":"(anonymous_4)","decl":{"start":{"line":52,"column":8},"end":{"line":52,"column":24}},"loc":{"start":{"line":52,"column":43},"end":{"line":55,"column":null}},"line":52},"5":{"name":"(anonymous_5)","decl":{"start":{"line":58,"column":34},"end":{"line":58,"column":42}},"loc":{"start":{"line":59,"column":4},"end":{"line":59,"column":59}},"line":59},"6":{"name":"(anonymous_6)","decl":{"start":{"line":72,"column":8},"end":{"line":72,"column":19}},"loc":{"start":{"line":72,"column":25},"end":{"line":75,"column":null}},"line":72},"7":{"name":"(anonymous_7)","decl":{"start":{"line":77,"column":8},"end":{"line":77,"column":23}},"loc":{"start":{"line":77,"column":23},"end":{"line":77,"column":38}},"line":77},"8":{"name":"(anonymous_8)","decl":{"start":{"line":85,"column":27},"end":{"line":85,"column":32}},"loc":{"start":{"line":86,"column":12},"end":{"line":92,"column":null}},"line":86},"9":{"name":"(anonymous_9)","decl":{"start":{"line":88,"column":14},"end":{"line":88,"column":29}},"loc":{"start":{"line":88,"column":29},"end":{"line":88,"column":46}},"line":88}},"branchMap":{"0":{"loc":{"start":{"line":17,"column":2},"end":{"line":17,"column":null}},"type":"default-arg","locations":[{"start":{"line":17,"column":17},"end":{"line":17,"column":null}}],"line":17},"1":{"loc":{"start":{"line":27,"column":53},"end":{"line":27,"column":75}},"type":"binary-expr","locations":[{"start":{"line":27,"column":53},"end":{"line":27,"column":62}},{"start":{"line":27,"column":62},"end":{"line":27,"column":75}}],"line":27},"2":{"loc":{"start":{"line":30,"column":2},"end":{"line":32,"column":null}},"type":"if","locations":[{"start":{"line":30,"column":2},"end":{"line":32,"column":null}},{"start":{},"end":{}}],"line":30},"3":{"loc":{"start":{"line":32,"column":21},"end":{"line":32,"column":43}},"type":"binary-expr","locations":[{"start":{"line":32,"column":21},"end":{"line":32,"column":30}},{"start":{"line":32,"column":30},"end":{"line":32,"column":43}}],"line":32},"4":{"loc":{"start":{"line":37,"column":6},"end":{"line":43,"column":null}},"type":"if","locations":[{"start":{"line":37,"column":6},"end":{"line":43,"column":null}},{"start":{},"end":{}}],"line":37},"5":{"loc":{"start":{"line":37,"column":10},"end":{"line":37,"column":82}},"type":"binary-expr","locations":[{"start":{"line":37,"column":10},"end":{"line":37,"column":34}},{"start":{"line":37,"column":34},"end":{"line":37,"column":82}}],"line":37},"6":{"loc":{"start":{"line":40,"column":8},"end":{"line":43,"column":null}},"type":"if","locations":[{"start":{"line":40,"column":8},"end":{"line":43,"column":null}},{"start":{},"end":{}}],"line":40},"7":{"loc":{"start":{"line":40,"column":12},"end":{"line":40,"column":61}},"type":"binary-expr","locations":[{"start":{"line":40,"column":12},"end":{"line":40,"column":29}},{"start":{"line":40,"column":29},"end":{"line":40,"column":61}}],"line":40},"8":{"loc":{"start":{"line":41,"column":27},"end":{"line":41,"column":null}},"type":"binary-expr","locations":[{"start":{"line":41,"column":27},"end":{"line":41,"column":36}},{"start":{"line":41,"column":36},"end":{"line":41,"column":52}},{"start":{"line":41,"column":52},"end":{"line":41,"column":null}}],"line":41},"9":{"loc":{"start":{"line":83,"column":7},"end":{"line":94,"column":null}},"type":"binary-expr","locations":[{"start":{"line":83,"column":7},"end":{"line":83,"column":17}},{"start":{"line":83,"column":17},"end":{"line":83,"column":null}},{"start":{"line":84,"column":8},"end":{"line":94,"column":null}}],"line":83},"10":{"loc":{"start":{"line":96,"column":7},"end":{"line":96,"column":null}},"type":"binary-expr","locations":[{"start":{"line":96,"column":7},"end":{"line":96,"column":16}},{"start":{"line":96,"column":16},"end":{"line":96,"column":null}}],"line":96}},"s":{"0":1,"1":26,"2":26,"3":26,"4":26,"5":26,"6":0,"7":0,"8":26,"9":22,"10":6,"11":1,"12":1,"13":1,"14":1,"15":1,"16":22,"17":22,"18":22,"19":26,"20":1,"21":1,"22":1,"23":26,"24":78,"25":26,"26":14,"27":14,"28":14,"29":4,"30":18,"31":1},"f":{"0":26,"1":22,"2":6,"3":22,"4":1,"5":78,"6":14,"7":4,"8":18,"9":1},"b":{"0":[26],"1":[26,0],"2":[0,26],"3":[0,0],"4":[1,5],"5":[6,6],"6":[1,0],"7":[1,1],"8":[1,0,0],"9":[26,18,8],"10":[26,1]},"meta":{"lastBranch":11,"lastFunction":10,"lastStatement":32,"seen":{"s:14:13:96:Infinity":0,"f:14:13:14:50":0,"b:17:17:17:Infinity":0,"s:24:8:24:51":1,"s:25:17:25:45":2,"s:27:24:27:75":3,"b:27:53:27:62:27:62:27:75":1,"s:29:20:29:51":4,"b:30:2:32:Infinity:undefined:undefined:undefined:undefined":2,"s:30:2:32:Infinity":5,"s:31:4:31:Infinity":6,"s:32:4:32:Infinity":7,"b:32:21:32:30:32:30:32:43":3,"s:35:2:50:Infinity":8,"f:35:2:35:18":1,"s:36:10:43:Infinity":9,"f:36:10:36:32":2,"b:37:6:43:Infinity:undefined:undefined:undefined:undefined":4,"s:37:6:43:Infinity":10,"b:37:10:37:34:37:34:37:82":5,"s:38:8:38:Infinity":11,"b:40:8:43:Infinity:undefined:undefined:undefined:undefined":6,"s:40:8:43:Infinity":12,"b:40:12:40:29:40:29:40:61":7,"s:41:27:41:Infinity":13,"b:41:27:41:36:41:36:41:52:41:52:41:Infinity":8,"s:42:10:42:Infinity":14,"s:43:10:43:Infinity":15,"s:48:4:48:Infinity":16,"s:49:4:49:Infinity":17,"f:49:4:49:17":3,"s:49:17:49:78":18,"s:52:8:55:Infinity":19,"f:52:8:52:24":4,"s:53:4:53:Infinity":20,"s:54:4:54:Infinity":21,"s:55:4:55:Infinity":22,"s:58:26:59:Infinity":23,"f:58:34:58:42":5,"s:59:4:59:59":24,"s:62:2:96:Infinity":25,"f:72:8:72:19":6,"s:73:10:73:Infinity":26,"s:74:10:74:Infinity":27,"s:75:10:75:Infinity":28,"f:77:8:77:23":7,"s:77:23:77:38":29,"b:83:7:83:17:83:17:83:Infinity:84:8:94:Infinity":9,"f:85:27:85:32":8,"s:86:12:92:Infinity":30,"f:88:14:88:29":9,"s:88:29:88:46":31,"b:96:7:96:16:96:16:96:Infinity":10}}}
,"C:\\Projects\\React\\React-2026-Q2\\src\\shared\\ui\\modal\\Modal.tsx": {"path":"C:\\Projects\\React\\React-2026-Q2\\src\\shared\\ui\\modal\\Modal.tsx","statementMap":{"0":{"start":{"line":11,"column":13},"end":{"line":69,"column":null}},"1":{"start":{"line":12,"column":8},"end":{"line":12,"column":47}},"2":{"start":{"line":13,"column":8},"end":{"line":13,"column":59}},"3":{"start":{"line":15,"column":2},"end":{"line":27,"column":null}},"4":{"start":{"line":16,"column":4},"end":{"line":22,"column":null}},"5":{"start":{"line":17,"column":6},"end":{"line":17,"column":null}},"6":{"start":{"line":18,"column":6},"end":{"line":18,"column":null}},"7":{"start":{"line":19,"column":6},"end":{"line":19,"column":null}},"8":{"start":{"line":21,"column":6},"end":{"line":21,"column":null}},"9":{"start":{"line":22,"column":6},"end":{"line":22,"column":null}},"10":{"start":{"line":24,"column":4},"end":{"line":25,"column":null}},"11":{"start":{"line":25,"column":6},"end":{"line":25,"column":null}},"12":{"start":{"line":29,"column":2},"end":{"line":35,"column":null}},"13":{"start":{"line":30,"column":10},"end":{"line":31,"column":null}},"14":{"start":{"line":31,"column":6},"end":{"line":31,"column":null}},"15":{"start":{"line":31,"column":30},"end":{"line":31,"column":null}},"16":{"start":{"line":33,"column":4},"end":{"line":33,"column":null}},"17":{"start":{"line":33,"column":16},"end":{"line":33,"column":null}},"18":{"start":{"line":34,"column":4},"end":{"line":34,"column":null}},"19":{"start":{"line":34,"column":17},"end":{"line":34,"column":69}},"20":{"start":{"line":37,"column":2},"end":{"line":37,"column":null}},"21":{"start":{"line":37,"column":15},"end":{"line":37,"column":null}},"22":{"start":{"line":39,"column":2},"end":{"line":69,"column":null}},"23":{"start":{"line":51,"column":24},"end":{"line":51,"column":43}}},"fnMap":{"0":{"name":"(anonymous_0)","decl":{"start":{"line":11,"column":13},"end":{"line":11,"column":44}},"loc":{"start":{"line":11,"column":85},"end":{"line":69,"column":null}},"line":11},"1":{"name":"(anonymous_1)","decl":{"start":{"line":15,"column":2},"end":{"line":15,"column":18}},"loc":{"start":{"line":15,"column":18},"end":{"line":27,"column":6}},"line":15},"2":{"name":"(anonymous_2)","decl":{"start":{"line":24,"column":4},"end":{"line":24,"column":17}},"loc":{"start":{"line":24,"column":17},"end":{"line":25,"column":null}},"line":24},"3":{"name":"(anonymous_3)","decl":{"start":{"line":29,"column":2},"end":{"line":29,"column":18}},"loc":{"start":{"line":29,"column":18},"end":{"line":35,"column":6}},"line":29},"4":{"name":"(anonymous_4)","decl":{"start":{"line":30,"column":10},"end":{"line":30,"column":27}},"loc":{"start":{"line":30,"column":48},"end":{"line":31,"column":null}},"line":30},"5":{"name":"(anonymous_5)","decl":{"start":{"line":34,"column":4},"end":{"line":34,"column":17}},"loc":{"start":{"line":34,"column":17},"end":{"line":34,"column":69}},"line":34},"6":{"name":"(anonymous_6)","decl":{"start":{"line":51,"column":8},"end":{"line":51,"column":18}},"loc":{"start":{"line":51,"column":24},"end":{"line":51,"column":43}},"line":51}},"branchMap":{"0":{"loc":{"start":{"line":16,"column":4},"end":{"line":22,"column":null}},"type":"if","locations":[{"start":{"line":16,"column":4},"end":{"line":22,"column":null}},{"start":{"line":20,"column":11},"end":{"line":22,"column":null}}],"line":16},"1":{"loc":{"start":{"line":31,"column":6},"end":{"line":31,"column":null}},"type":"if","locations":[{"start":{"line":31,"column":6},"end":{"line":31,"column":null}},{"start":{},"end":{}}],"line":31},"2":{"loc":{"start":{"line":33,"column":4},"end":{"line":33,"column":null}},"type":"if","locations":[{"start":{"line":33,"column":4},"end":{"line":33,"column":null}},{"start":{},"end":{}}],"line":33},"3":{"loc":{"start":{"line":37,"column":2},"end":{"line":37,"column":null}},"type":"if","locations":[{"start":{"line":37,"column":2},"end":{"line":37,"column":null}},{"start":{},"end":{}}],"line":37}},"s":{"0":1,"1":8,"2":8,"3":8,"4":8,"5":7,"6":7,"7":7,"8":1,"9":1,"10":8,"11":8,"12":8,"13":8,"14":1,"15":1,"16":8,"17":7,"18":8,"19":8,"20":8,"21":1,"22":7,"23":2},"f":{"0":8,"1":8,"2":8,"3":8,"4":1,"5":8,"6":2},"b":{"0":[7,1],"1":[1,0],"2":[7,1],"3":[1,7]},"meta":{"lastBranch":4,"lastFunction":7,"lastStatement":24,"seen":{"s:11:13:69:Infinity":0,"f:11:13:11:44":0,"s:12:8:12:47":1,"s:13:8:13:59":2,"s:15:2:27:Infinity":3,"f:15:2:15:18":1,"b:16:4:22:Infinity:20:11:22:Infinity":0,"s:16:4:22:Infinity":4,"s:17:6:17:Infinity":5,"s:18:6:18:Infinity":6,"s:19:6:19:Infinity":7,"s:21:6:21:Infinity":8,"s:22:6:22:Infinity":9,"s:24:4:25:Infinity":10,"f:24:4:24:17":2,"s:25:6:25:Infinity":11,"s:29:2:35:Infinity":12,"f:29:2:29:18":3,"s:30:10:31:Infinity":13,"f:30:10:30:27":4,"b:31:6:31:Infinity:undefined:undefined:undefined:undefined":1,"s:31:6:31:Infinity":14,"s:31:30:31:Infinity":15,"b:33:4:33:Infinity:undefined:undefined:undefined:undefined":2,"s:33:4:33:Infinity":16,"s:33:16:33:Infinity":17,"s:34:4:34:Infinity":18,"f:34:4:34:17":5,"s:34:17:34:69":19,"b:37:2:37:Infinity:undefined:undefined:undefined:undefined":3,"s:37:2:37:Infinity":20,"s:37:15:37:Infinity":21,"s:39:2:69:Infinity":22,"f:51:8:51:18":6,"s:51:24:51:43":23}}}
,"C:\\Projects\\React\\React-2026-Q2\\src\\shared\\ui\\password-input\\PasswordInput.tsx": {"path":"C:\\Projects\\React\\React-2026-Q2\\src\\shared\\ui\\password-input\\PasswordInput.tsx","statementMap":{"0":{"start":{"line":10,"column":13},"end":{"line":60,"column":null}},"1":{"start":{"line":12,"column":29},"end":{"line":12,"column":64}},"2":{"start":{"line":13,"column":10},"end":{"line":13,"column":64}},"3":{"start":{"line":15,"column":10},"end":{"line":20,"column":null}},"4":{"start":{"line":16,"column":6},"end":{"line":17,"column":null}},"5":{"start":{"line":17,"column":8},"end":{"line":17,"column":null}},"6":{"start":{"line":19,"column":6},"end":{"line":20,"column":null}},"7":{"start":{"line":20,"column":8},"end":{"line":20,"column":null}},"8":{"start":{"line":24,"column":10},"end":{"line":27,"column":null}},"9":{"start":{"line":25,"column":6},"end":{"line":25,"column":null}},"10":{"start":{"line":25,"column":22},"end":{"line":25,"column":null}},"11":{"start":{"line":26,"column":6},"end":{"line":26,"column":null}},"12":{"start":{"line":26,"column":22},"end":{"line":26,"column":null}},"13":{"start":{"line":27,"column":6},"end":{"line":27,"column":null}},"14":{"start":{"line":30,"column":4},"end":{"line":53,"column":null}},"15":{"start":{"line":62,"column":0},"end":{"line":62,"column":null}}},"fnMap":{"0":{"name":"(anonymous_0)","decl":{"start":{"line":10,"column":29},"end":{"line":10,"column":null}},"loc":{"start":{"line":11,"column":53},"end":{"line":60,"column":null}},"line":11},"1":{"name":"(anonymous_1)","decl":{"start":{"line":15,"column":10},"end":{"line":15,"column":31}},"loc":{"start":{"line":15,"column":74},"end":{"line":20,"column":null}},"line":15},"2":{"name":"(anonymous_2)","decl":{"start":{"line":24,"column":10},"end":{"line":24,"column":25}},"loc":{"start":{"line":24,"column":43},"end":{"line":27,"column":null}},"line":24}},"branchMap":{"0":{"loc":{"start":{"line":16,"column":6},"end":{"line":17,"column":null}},"type":"if","locations":[{"start":{"line":16,"column":6},"end":{"line":17,"column":null}},{"start":{},"end":{}}],"line":16},"1":{"loc":{"start":{"line":19,"column":6},"end":{"line":20,"column":null}},"type":"if","locations":[{"start":{"line":19,"column":6},"end":{"line":20,"column":null}},{"start":{},"end":{}}],"line":19},"2":{"loc":{"start":{"line":25,"column":6},"end":{"line":25,"column":null}},"type":"if","locations":[{"start":{"line":25,"column":6},"end":{"line":25,"column":null}},{"start":{},"end":{}}],"line":25},"3":{"loc":{"start":{"line":26,"column":6},"end":{"line":26,"column":null}},"type":"if","locations":[{"start":{"line":26,"column":6},"end":{"line":26,"column":null}},{"start":{},"end":{}}],"line":26},"4":{"loc":{"start":{"line":42,"column":9},"end":{"line":42,"column":null}},"type":"binary-expr","locations":[{"start":{"line":42,"column":9},"end":{"line":42,"column":18}},{"start":{"line":42,"column":18},"end":{"line":42,"column":null}}],"line":42},"5":{"loc":{"start":{"line":44,"column":9},"end":{"line":53,"column":null}},"type":"binary-expr","locations":[{"start":{"line":44,"column":9},"end":{"line":44,"column":25}},{"start":{"line":44,"column":25},"end":{"line":44,"column":null}},{"start":{"line":45,"column":10},"end":{"line":53,"column":null}}],"line":44}},"s":{"0":1,"1":14,"2":14,"3":14,"4":14,"5":6,"6":14,"7":14,"8":14,"9":6,"10":1,"11":5,"12":5,"13":1,"14":14,"15":1},"f":{"0":14,"1":14,"2":6},"b":{"0":[6,8],"1":[14,0],"2":[1,5],"3":[4,1],"4":[14,1],"5":[14,10,6]},"meta":{"lastBranch":6,"lastFunction":3,"lastStatement":16,"seen":{"s:10:13:60:Infinity":0,"f:10:29:10:Infinity":0,"s:12:29:12:64":1,"s:13:10:13:64":2,"s:15:10:20:Infinity":3,"f:15:10:15:31":1,"b:16:6:17:Infinity:undefined:undefined:undefined:undefined":0,"s:16:6:17:Infinity":4,"s:17:8:17:Infinity":5,"b:19:6:20:Infinity:undefined:undefined:undefined:undefined":1,"s:19:6:20:Infinity":6,"s:20:8:20:Infinity":7,"s:24:10:27:Infinity":8,"f:24:10:24:25":2,"b:25:6:25:Infinity:undefined:undefined:undefined:undefined":2,"s:25:6:25:Infinity":9,"s:25:22:25:Infinity":10,"b:26:6:26:Infinity:undefined:undefined:undefined:undefined":3,"s:26:6:26:Infinity":11,"s:26:22:26:Infinity":12,"s:27:6:27:Infinity":13,"s:30:4:53:Infinity":14,"b:42:9:42:18:42:18:42:Infinity":4,"b:44:9:44:25:44:25:44:Infinity:45:10:53:Infinity":5,"s:62:0:62:Infinity":15}}}
,"C:\\Projects\\React\\React-2026-Q2\\src\\widgets\\submission-cards\\ui\\SubmissionCards.tsx": {"path":"C:\\Projects\\React\\React-2026-Q2\\src\\widgets\\submission-cards\\ui\\SubmissionCards.tsx","statementMap":{"0":{"start":{"line":4,"column":13},"end":{"line":71,"column":null}},"1":{"start":{"line":5,"column":43},"end":{"line":5,"column":89}},"2":{"start":{"line":7,"column":2},"end":{"line":15,"column":null}},"3":{"start":{"line":8,"column":4},"end":{"line":13,"column":null}},"4":{"start":{"line":9,"column":20},"end":{"line":11,"column":14}},"5":{"start":{"line":10,"column":8},"end":{"line":10,"column":null}},"6":{"start":{"line":13,"column":6},"end":{"line":13,"column":null}},"7":{"start":{"line":13,"column":19},"end":{"line":13,"column":38}},"8":{"start":{"line":17,"column":2},"end":{"line":21,"column":null}},"9":{"start":{"line":18,"column":4},"end":{"line":21,"column":null}},"10":{"start":{"line":25,"column":2},"end":{"line":71,"column":null}},"11":{"start":{"line":28,"column":22},"end":{"line":28,"column":null}},"12":{"start":{"line":30,"column":8},"end":{"line":68,"column":null}}},"fnMap":{"0":{"name":"(anonymous_0)","decl":{"start":{"line":4,"column":13},"end":{"line":4,"column":47}},"loc":{"start":{"line":4,"column":47},"end":{"line":71,"column":null}},"line":4},"1":{"name":"(anonymous_1)","decl":{"start":{"line":7,"column":2},"end":{"line":7,"column":18}},"loc":{"start":{"line":7,"column":18},"end":{"line":15,"column":6}},"line":7},"2":{"name":"(anonymous_2)","decl":{"start":{"line":9,"column":20},"end":{"line":9,"column":37}},"loc":{"start":{"line":9,"column":37},"end":{"line":11,"column":14}},"line":9},"3":{"name":"(anonymous_3)","decl":{"start":{"line":13,"column":6},"end":{"line":13,"column":19}},"loc":{"start":{"line":13,"column":19},"end":{"line":13,"column":38}},"line":13},"4":{"name":"(anonymous_4)","decl":{"start":{"line":27,"column":19},"end":{"line":27,"column":24}},"loc":{"start":{"line":27,"column":33},"end":{"line":68,"column":null}},"line":27}},"branchMap":{"0":{"loc":{"start":{"line":8,"column":4},"end":{"line":13,"column":null}},"type":"if","locations":[{"start":{"line":8,"column":4},"end":{"line":13,"column":null}},{"start":{},"end":{}}],"line":8},"1":{"loc":{"start":{"line":17,"column":2},"end":{"line":21,"column":null}},"type":"if","locations":[{"start":{"line":17,"column":2},"end":{"line":21,"column":null}},{"start":{},"end":{}}],"line":17},"2":{"loc":{"start":{"line":35,"column":14},"end":{"line":37,"column":null}},"type":"cond-expr","locations":[{"start":{"line":36,"column":18},"end":{"line":36,"column":null}},{"start":{"line":37,"column":18},"end":{"line":37,"column":null}}],"line":35},"3":{"loc":{"start":{"line":58,"column":17},"end":{"line":58,"column":null}},"type":"cond-expr","locations":[{"start":{"line":58,"column":42},"end":{"line":58,"column":51}},{"start":{"line":58,"column":51},"end":{"line":58,"column":null}}],"line":58}},"s":{"0":1,"1":4,"2":4,"3":4,"4":2,"5":1,"6":2,"7":2,"8":4,"9":1,"10":3,"11":6,"12":6},"f":{"0":4,"1":4,"2":1,"3":2,"4":6},"b":{"0":[2,2],"1":[1,3],"2":[2,4],"3":[3,3]},"meta":{"lastBranch":4,"lastFunction":5,"lastStatement":13,"seen":{"s:4:13:71:Infinity":0,"f:4:13:4:47":0,"s:5:43:5:89":1,"s:7:2:15:Infinity":2,"f:7:2:7:18":1,"b:8:4:13:Infinity:undefined:undefined:undefined:undefined":0,"s:8:4:13:Infinity":3,"s:9:20:11:14":4,"f:9:20:9:37":2,"s:10:8:10:Infinity":5,"s:13:6:13:Infinity":6,"f:13:6:13:19":3,"s:13:19:13:38":7,"b:17:2:21:Infinity:undefined:undefined:undefined:undefined":1,"s:17:2:21:Infinity":8,"s:18:4:21:Infinity":9,"s:25:2:71:Infinity":10,"f:27:19:27:24":4,"s:28:22:28:Infinity":11,"s:30:8:68:Infinity":12,"b:36:18:36:Infinity:37:18:37:Infinity":2,"b:58:42:58:51:58:51:58:Infinity":3}}}
}
